# JRE version: Java(TM) SE Runtime Environment (8.0_66-b17) (build 1.8.0_66-b17)
# Java VM: Java HotSpot(TM) 64-Bit Server VM (25.66-b17 mixed mode bsd-amd64 compressed oops)
Heap:
 PSYoungGen      total 306688K, used 8415K [0x00000007a0000000, 0x00000007b5b00000, 0x00000007c0000000)
  eden space 260096K, 0% used [0x00000007a0000000,0x00000007a0000000,0x00000007afe00000)
  from space 46592K, 18% used [0x00000007b2d80000,0x00000007b35b7c60,0x00000007b5b00000)
  to   space 47616K, 0% used [0x00000007afe00000,0x00000007afe00000,0x00000007b2c80000)
 ParOldGen       total 252416K, used 63654K [0x0000000760000000, 0x000000076f680000, 0x00000007a0000000)
  object space 252416K, 25% used [0x0000000760000000,0x0000000763e29aa8,0x000000076f680000)
 Metaspace       used 133460K, capacity 151510K, committed 151728K, reserved 1181696K
  class space    used 18221K, capacity 19333K, committed 19376K, reserved 1048576K
GC Heap History (10 events):
Event: 962.935 GC heap after
Heap after GC invocations=22 (full 6):
 PSYoungGen      total 249856K, used 0K [0x00000007a0000000, 0x00000007b1d80000, 0x00000007c0000000)
  eden space 210432K, 0% used [0x00000007a0000000,0x00000007a0000000,0x00000007acd80000)
  from space 39424K, 0% used [0x00000007af500000,0x00000007af500000,0x00000007b1b80000)
  to   space 40448K, 0% used [0x00000007acd80000,0x00000007acd80000,0x00000007af500000)
 ParOldGen       total 252416K, used 63630K [0x0000000760000000, 0x000000076f680000, 0x00000007a0000000)
  object space 252416K, 25% used [0x0000000760000000,0x0000000763e23aa8,0x000000076f680000)
 Metaspace       used 100617K, capacity 115613K, committed 118320K, reserved 1153024K
  class space    used 14375K, capacity 15243K, committed 15664K, reserved 1048576K
}
Event: 979.259 GC heap before
{Heap before GC invocations=23 (full 6):
 PSYoungGen      total 249856K, used 210432K [0x00000007a0000000, 0x00000007b1d80000, 0x00000007c0000000)
  eden space 210432K, 100% used [0x00000007a0000000,0x00000007acd80000,0x00000007acd80000)
  from space 39424K, 0% used [0x00000007af500000,0x00000007af500000,0x00000007b1b80000)
  to   space 40448K, 0% used [0x00000007acd80000,0x00000007acd80000,0x00000007af500000)
 ParOldGen       total 252416K, used 63630K [0x0000000760000000, 0x000000076f680000, 0x00000007a0000000)
  object space 252416K, 25% used [0x0000000760000000,0x0000000763e23aa8,0x000000076f680000)
 Metaspace       used 114060K, capacity 130179K, committed 130352K, reserved 1163264K
  class space    used 16107K, capacity 17078K, committed 17200K, reserved 1048576K
Event: 979.271 GC heap after
Heap after GC invocations=23 (full 6):
 PSYoungGen      total 250880K, used 13335K [0x00000007a0000000, 0x00000007b3e00000, 0x00000007c0000000)
  eden space 210432K, 0% used [0x00000007a0000000,0x00000007a0000000,0x00000007acd80000)
  from space 40448K, 32% used [0x00000007acd80000,0x00000007ada85e70,0x00000007af500000)
  to   space 38912K, 0% used [0x00000007b1800000,0x00000007b1800000,0x00000007b3e00000)
 ParOldGen       total 252416K, used 63630K [0x0000000760000000, 0x000000076f680000, 0x00000007a0000000)
  object space 252416K, 25% used [0x0000000760000000,0x0000000763e23aa8,0x000000076f680000)
 Metaspace       used 114060K, capacity 130179K, committed 130352K, reserved 1163264K
  class space    used 16107K, capacity 17078K, committed 17200K, reserved 1048576K
}
Event: 1075.597 GC heap before
{Heap before GC invocations=24 (full 6):
 PSYoungGen      total 250880K, used 223767K [0x00000007a0000000, 0x00000007b3e00000, 0x00000007c0000000)
  eden space 210432K, 100% used [0x00000007a0000000,0x00000007acd80000,0x00000007acd80000)
  from space 40448K, 32% used [0x00000007acd80000,0x00000007ada85e70,0x00000007af500000)
  to   space 38912K, 0% used [0x00000007b1800000,0x00000007b1800000,0x00000007b3e00000)
 ParOldGen       total 252416K, used 63630K [0x0000000760000000, 0x000000076f680000, 0x00000007a0000000)
  object space 252416K, 25% used [0x0000000760000000,0x0000000763e23aa8,0x000000076f680000)
 Metaspace       used 132072K, capacity 149848K, committed 149936K, reserved 1179648K
  class space    used 18208K, capacity 19316K, committed 19376K, reserved 1048576K
Event: 1075.670 GC heap after
Heap after GC invocations=24 (full 6):
 PSYoungGen      total 280064K, used 33263K [0x00000007a0000000, 0x00000007b3f80000, 0x00000007c0000000)
  eden space 241152K, 0% used [0x00000007a0000000,0x00000007a0000000,0x00000007aeb80000)
  from space 38912K, 85% used [0x00000007b1800000,0x00000007b387bcd0,0x00000007b3e00000)
  to   space 43008K, 0% used [0x00000007aeb80000,0x00000007aeb80000,0x00000007b1580000)
 ParOldGen       total 252416K, used 63638K [0x0000000760000000, 0x000000076f680000, 0x00000007a0000000)
  object space 252416K, 25% used [0x0000000760000000,0x0000000763e25aa8,0x000000076f680000)
 Metaspace       used 132072K, capacity 149848K, committed 149936K, reserved 1179648K
  class space    used 18208K, capacity 19316K, committed 19376K, reserved 1048576K
}
Event: 1343.870 GC heap before
{Heap before GC invocations=25 (full 6):
 PSYoungGen      total 280064K, used 274415K [0x00000007a0000000, 0x00000007b3f80000, 0x00000007c0000000)
  eden space 241152K, 100% used [0x00000007a0000000,0x00000007aeb80000,0x00000007aeb80000)
  from space 38912K, 85% used [0x00000007b1800000,0x00000007b387bcd0,0x00000007b3e00000)
  to   space 43008K, 0% used [0x00000007aeb80000,0x00000007aeb80000,0x00000007b1580000)
 ParOldGen       total 252416K, used 63638K [0x0000000760000000, 0x000000076f680000, 0x00000007a0000000)
  object space 252416K, 25% used [0x0000000760000000,0x0000000763e25aa8,0x000000076f680000)
 Metaspace       used 132965K, capacity 150844K, committed 150960K, reserved 1181696K
  class space    used 18210K, capacity 19320K, committed 19376K, reserved 1048576K
Event: 1343.955 GC heap after
Heap after GC invocations=25 (full 6):
 PSYoungGen      total 284160K, used 39706K [0x00000007a0000000, 0x00000007b5d00000, 0x00000007c0000000)
  eden space 241152K, 0% used [0x00000007a0000000,0x00000007a0000000,0x00000007aeb80000)
  from space 43008K, 92% used [0x00000007aeb80000,0x00000007b1246a60,0x00000007b1580000)
  to   space 48640K, 0% used [0x00000007b2d80000,0x00000007b2d80000,0x00000007b5d00000)
 ParOldGen       total 252416K, used 63646K [0x0000000760000000, 0x000000076f680000, 0x00000007a0000000)
  object space 252416K, 25% used [0x0000000760000000,0x0000000763e27aa8,0x000000076f680000)
 Metaspace       used 132965K, capacity 150844K, committed 150960K, reserved 1181696K
  class space    used 18210K, capacity 19320K, committed 19376K, reserved 1048576K
}
Event: 1909.065 GC heap before
{Heap before GC invocations=26 (full 6):
 PSYoungGen      total 284160K, used 172997K [0x00000007a0000000, 0x00000007b5d00000, 0x00000007c0000000)
  eden space 241152K, 55% used [0x00000007a0000000,0x00000007a822aa68,0x00000007aeb80000)
  from space 43008K, 92% used [0x00000007aeb80000,0x00000007b1246a60,0x00000007b1580000)
  to   space 48640K, 0% used [0x00000007b2d80000,0x00000007b2d80000,0x00000007b5d00000)
 ParOldGen       total 252416K, used 63646K [0x0000000760000000, 0x000000076f680000, 0x00000007a0000000)
  object space 252416K, 25% used [0x0000000760000000,0x0000000763e27aa8,0x000000076f680000)
 Metaspace       used 133460K, capacity 151510K, committed 151728K, reserved 1181696K
  class space    used 18221K, capacity 19333K, committed 19376K, reserved 1048576K
Event: 1909.086 GC heap after
Heap after GC invocations=26 (full 6):
 PSYoungGen      total 306688K, used 8415K [0x00000007a0000000, 0x00000007b5b00000, 0x00000007c0000000)
  eden space 260096K, 0% used [0x00000007a0000000,0x00000007a0000000,0x00000007afe00000)
  from space 46592K, 18% used [0x00000007b2d80000,0x00000007b35b7c60,0x00000007b5b00000)
  to   space 47616K, 0% used [0x00000007afe00000,0x00000007afe00000,0x00000007b2c80000)
 ParOldGen       total 252416K, used 63654K [0x0000000760000000, 0x000000076f680000, 0x00000007a0000000)
  object space 252416K, 25% used [0x0000000760000000,0x0000000763e29aa8,0x000000076f680000)
 Metaspace       used 133460K, capacity 151510K, committed 151728K, reserved 1181696K
  class space    used 18221K, capacity 19333K, committed 19376K, reserved 1048576K
}
Event: 1909.086 GC heap before
{Heap before GC invocations=27 (full 7):
 PSYoungGen      total 306688K, used 8415K [0x00000007a0000000, 0x00000007b5b00000, 0x00000007c0000000)
  eden space 260096K, 0% used [0x00000007a0000000,0x00000007a0000000,0x00000007afe00000)
  from space 46592K, 18% used [0x00000007b2d80000,0x00000007b35b7c60,0x00000007b5b00000)
  to   space 47616K, 0% used [0x00000007afe00000,0x00000007afe00000,0x00000007b2c80000)
 ParOldGen       total 252416K, used 63654K [0x0000000760000000, 0x000000076f680000, 0x00000007a0000000)
  object space 252416K, 25% used [0x0000000760000000,0x0000000763e29aa8,0x000000076f680000)
 Metaspace       used 133460K, capacity 151510K, committed 151728K, reserved 1181696K
  class space    used 18221K, capacity 19333K, committed 19376K, reserved 1048576K

